Symbol range map extraction starting
Processing 9 files
startProcessing "net\minecraft\client\gui\GuiChat.java" md5: 386e76e124c491ef6253c8e3cb32f852
Cache Hit!
endProcessing "net\minecraft\client\gui\GuiChat.java"

startProcessing "net\minecraft\client\gui\GuiTextField.java" md5: 4e65386cbbec43e1d54136532250ce49
Cache Hit!
endProcessing "net\minecraft\client\gui\GuiTextField.java"

startProcessing "net\minecraft\client\gui\inventory\GuiEditSign.java" md5: 08a5e983fb0129721e09780e2f854828
Cache Hit!
endProcessing "net\minecraft\client\gui\inventory\GuiEditSign.java"

startProcessing "redlaboratory\koreanchat\CustomClassTransformer.java" md5: 9f54b41f0dbc1b63846abed7ddcd74ef
Cache Hit!
endProcessing "redlaboratory\koreanchat\CustomClassTransformer.java"

startProcessing "redlaboratory\koreanchat\CustomDummyModContainer.java" md5: 32076046d627d278e6a3c0ed8a44dd0f
Cache Hit!
endProcessing "redlaboratory\koreanchat\CustomDummyModContainer.java"

startProcessing "redlaboratory\koreanchat\CustomFMLLoadingPlugin.java" md5: 9f987aea1d9b487887a6bc66b5eb9ac7
Cache Hit!
endProcessing "redlaboratory\koreanchat\CustomFMLLoadingPlugin.java"

startProcessing "redlaboratory\koreanchat\KoreanCore.java" md5: 7419f32459b4e1855bf4c9a3e9e6dde7
Cache Hit!
endProcessing "redlaboratory\koreanchat\KoreanCore.java"

startProcessing "redlaboratory\koreanchat\KoreanFontRenderer.java" md5: 743be51d5b2e74e9c5dd5b9fb117d79d
Cache Hit!
endProcessing "redlaboratory\koreanchat\KoreanFontRenderer.java"

startProcessing "redlaboratory\koreanchat\Result.java" md5: a46dfb96ac85e5354ca86199c6234883
Cache Hit!
endProcessing "redlaboratory\koreanchat\Result.java"

